{
  "RSpec": {
    "coverage": {
      "/Users/faye.salwin/Sources/jira/lib/jira.rb": [
        1,
        1,
        1,
        1,
        null,
        1,
        1,
        1,
        1,
        null,
        1,
        null,
        1,
        null,
        null,
        null,
        1,
        null,
        null
      ],
      "/Users/faye.salwin/Sources/jira/lib/version.rb": [
        1,
        1,
        null
      ],
      "/Users/faye.salwin/Sources/jira/lib/jira/config.rb": [
        1,
        null,
        1,
        null,
        null
      ],
      "/Users/faye.salwin/Sources/jira/lib/jira/restdata.rb": [
        1,
        1,
        null,
        1,
        null,
        1138,
        null,
        null,
        null,
        null
      ],
      "/Users/faye.salwin/Sources/jira/lib/jira/jira.rb": [
        1,
        1,
        null,
        1,
        4,
        null,
        null,
        null,
        null,
        1,
        null,
        1,
        3,
        3,
        null,
        null,
        1,
        7,
        7,
        null,
        null,
        1,
        null,
        10,
        null,
        null,
        null,
        null,
        1,
        null,
        1,
        2,
        2,
        null,
        null,
        1,
        6,
        null,
        null,
        null,
        null,
        null
      ],
      "/Users/faye.salwin/Sources/jira/lib/jira/agile.rb": [
        1,
        1,
        null,
        1,
        2,
        null,
        null,
        null,
        null,
        1,
        null,
        1,
        null,
        9,
        null,
        null,
        1,
        5,
        null,
        null,
        1,
        1,
        1,
        null,
        null,
        null
      ],
      "/Users/faye.salwin/Sources/jira/spec/lib/jira/agile_spec.rb": [
        1,
        null,
        1,
        null,
        1,
        1,
        null,
        null,
        1,
        1,
        null,
        null,
        1,
        1,
        null,
        null,
        1,
        1,
        1,
        1,
        1,
        null,
        null,
        1,
        1,
        1,
        null,
        null,
        1,
        1,
        1,
        1,
        1,
        1,
        null,
        null,
        null
      ],
      "/Users/faye.salwin/Sources/jira/spec/lib/jira/config_spec.rb": [
        1,
        1,
        1,
        null,
        null,
        1,
        1,
        null,
        null,
        1,
        1,
        null,
        null
      ],
      "/Users/faye.salwin/Sources/jira/spec/lib/jira/jira_spec.rb": [
        1,
        null,
        1,
        null,
        1,
        1,
        null,
        null,
        1,
        1,
        1,
        1,
        1,
        1,
        null,
        null,
        1,
        1,
        null,
        null,
        1,
        1,
        null,
        null,
        null,
        null,
        1,
        null,
        1,
        1,
        null,
        null,
        1,
        1,
        1,
        null,
        null,
        1,
        1,
        1,
        1,
        1,
        null,
        null,
        null
      ]
    },
    "timestamp": 1390077814
  }
}
